TN:
SF:src/domain/entity/address.ts
FN:1,get
FN:16,get street
FN:20,get number
FN:24,get zip
FN:28,get city
FN:32,validate
FN:47,toString
FN:7,Address
FNF:8
FNH:7
FNDA:1,get
FNDA:1,get street
FNDA:1,get number
FNDA:1,get zip
FNDA:1,get city
FNDA:1,validate
FNDA:0,toString
FNDA:1,Address
DA:1,1
DA:2,1
DA:3,1
DA:4,1
DA:5,1
DA:6,1
DA:7,1
DA:8,1
DA:9,1
DA:10,1
DA:11,1
DA:12,1
DA:13,1
DA:14,1
DA:15,1
DA:16,1
DA:17,1
DA:18,1
DA:19,1
DA:20,1
DA:21,1
DA:22,1
DA:23,1
DA:24,1
DA:25,1
DA:26,1
DA:27,1
DA:28,1
DA:29,1
DA:30,1
DA:31,1
DA:32,1
DA:33,1
DA:34,0
DA:35,0
DA:36,1
DA:37,0
DA:38,0
DA:39,1
DA:40,0
DA:41,0
DA:42,1
DA:43,0
DA:44,0
DA:45,1
DA:46,1
DA:47,1
DA:48,0
DA:49,0
DA:50,1
LF:50
LH:40
BRDA:1,0,0,1
BRDA:16,1,0,1
BRDA:20,2,0,1
BRDA:24,3,0,1
BRDA:28,4,0,1
BRDA:32,5,0,1
BRDA:33,6,0,0
BRDA:36,7,0,0
BRDA:39,8,0,0
BRDA:42,9,0,0
BRDA:7,10,0,1
BRF:11
BRH:7
end_of_record
TN:
SF:src/domain/entity/customer.ts
FN:6,get
FN:20,validate
FN:31,get id
FN:35,get name
FN:39,get rewardPoints
FN:45,changeName
FN:50,get Address
FN:54,activate
FN:61,deactivate
FN:65,isActive
FN:69,addRewardPoints
FN:73,set Address
FN:77,changeAddress
FN:14,Customer
FNF:14
FNH:9
FNDA:1,get
FNDA:1,validate
FNDA:1,get id
FNDA:1,get name
FNDA:1,get rewardPoints
FNDA:0,changeName
FNDA:4,get Address
FNDA:0,activate
FNDA:0,deactivate
FNDA:1,isActive
FNDA:0,addRewardPoints
FNDA:0,set Address
FNDA:1,changeAddress
FNDA:1,Customer
DA:1,1
DA:2,1
DA:3,1
DA:4,1
DA:5,1
DA:6,1
DA:7,1
DA:8,1
DA:9,1
DA:10,1
DA:11,1
DA:12,1
DA:13,1
DA:14,1
DA:15,1
DA:16,1
DA:17,1
DA:18,1
DA:19,1
DA:20,1
DA:21,1
DA:22,0
DA:23,0
DA:24,1
DA:25,1
DA:26,0
DA:27,0
DA:28,1
DA:29,1
DA:30,1
DA:31,1
DA:32,1
DA:33,1
DA:34,1
DA:35,1
DA:36,1
DA:37,1
DA:38,1
DA:39,1
DA:40,1
DA:41,1
DA:42,1
DA:43,1
DA:44,1
DA:45,1
DA:46,0
DA:47,0
DA:48,0
DA:49,1
DA:50,1
DA:51,4
DA:52,4
DA:53,1
DA:54,1
DA:55,0
DA:56,0
DA:57,0
DA:58,0
DA:59,0
DA:60,1
DA:61,1
DA:62,0
DA:63,0
DA:64,1
DA:65,1
DA:66,1
DA:67,1
DA:68,1
DA:69,1
DA:70,0
DA:71,0
DA:72,1
DA:73,1
DA:74,0
DA:75,0
DA:76,1
DA:77,1
DA:78,1
DA:79,1
DA:80,1
DA:81,1
DA:82,1
DA:83,1
DA:84,1
DA:85,1
DA:86,1
DA:87,1
DA:88,1
DA:89,1
DA:90,1
DA:91,1
DA:92,1
DA:93,1
DA:94,1
DA:95,1
DA:96,1
DA:97,1
DA:98,1
DA:99,1
DA:100,1
DA:101,1
LF:101
LH:83
BRDA:6,0,0,1
BRDA:20,1,0,1
BRDA:21,2,0,0
BRDA:25,3,0,0
BRDA:31,4,0,1
BRDA:35,5,0,1
BRDA:39,6,0,1
BRDA:50,7,0,4
BRDA:65,8,0,1
BRDA:77,9,0,1
BRDA:14,10,0,1
BRF:11
BRH:9
end_of_record
TN:
SF:src/domain/entity/order.ts
FN:3,get
FN:18,get id
FN:22,get customerId
FN:26,get items
FN:30,total
FN:34,validate
FN:10,Order
FNF:7
FNH:7
FNDA:1,get
FNDA:2,get id
FNDA:1,get customerId
FNDA:1,get items
FNDA:3,total
FNDA:1,validate
FNDA:1,Order
DA:1,1
DA:2,1
DA:3,1
DA:4,1
DA:5,1
DA:6,1
DA:7,1
DA:8,1
DA:9,1
DA:10,1
DA:11,1
DA:12,1
DA:13,1
DA:14,1
DA:15,1
DA:16,1
DA:17,1
DA:18,1
DA:19,2
DA:20,2
DA:21,1
DA:22,1
DA:23,1
DA:24,1
DA:25,1
DA:26,1
DA:27,1
DA:28,1
DA:29,1
DA:30,1
DA:31,3
DA:32,3
DA:33,1
DA:34,1
DA:35,1
DA:36,0
DA:37,0
DA:38,1
DA:39,0
DA:40,0
DA:41,1
DA:42,0
DA:43,0
DA:44,1
DA:45,0
DA:46,0
DA:47,1
DA:48,1
DA:49,1
DA:50,1
LF:50
LH:42
BRDA:3,0,0,1
BRDA:18,1,0,2
BRDA:22,2,0,1
BRDA:26,3,0,1
BRDA:30,4,0,3
BRDA:31,5,0,3
BRDA:34,6,0,1
BRDA:35,7,0,0
BRDA:38,8,0,0
BRDA:41,9,0,0
BRDA:44,10,0,0
BRDA:44,11,0,1
BRDA:10,12,0,1
BRF:13
BRH:9
end_of_record
TN:
SF:src/domain/entity/order_item.ts
FN:1,get
FN:16,get id
FN:20,get name
FN:24,get productId
FN:28,get quantity
FN:32,get price
FN:36,orderItemTotal
FN:8,OrderItem
FNF:8
FNH:8
FNDA:1,get
FNDA:2,get id
FNDA:2,get name
FNDA:1,get productId
FNDA:3,get quantity
FNDA:2,get price
FNDA:3,orderItemTotal
FNDA:1,OrderItem
DA:1,1
DA:2,1
DA:3,1
DA:4,1
DA:5,1
DA:6,1
DA:7,1
DA:8,1
DA:9,1
DA:10,1
DA:11,1
DA:12,1
DA:13,1
DA:14,1
DA:15,1
DA:16,1
DA:17,2
DA:18,2
DA:19,1
DA:20,1
DA:21,2
DA:22,2
DA:23,1
DA:24,1
DA:25,1
DA:26,1
DA:27,1
DA:28,1
DA:29,3
DA:30,3
DA:31,1
DA:32,1
DA:33,2
DA:34,2
DA:35,1
DA:36,1
DA:37,3
DA:38,3
DA:39,1
LF:39
LH:39
BRDA:1,0,0,1
BRDA:16,1,0,2
BRDA:20,2,0,2
BRDA:24,3,0,1
BRDA:28,4,0,3
BRDA:32,5,0,2
BRDA:36,6,0,3
BRDA:8,7,0,1
BRF:8
BRH:8
end_of_record
TN:
SF:src/domain/entity/product.ts
FN:1,get
FN:13,validate
FN:27,get id
FN:31,get name
FN:35,get price
FN:39,changeName
FN:44,changePrice
FN:6,Product
FNF:8
FNH:6
FNDA:1,get
FNDA:1,validate
FNDA:2,get id
FNDA:3,get name
FNDA:2,get price
FNDA:0,changeName
FNDA:0,changePrice
FNDA:1,Product
DA:1,1
DA:2,1
DA:3,1
DA:4,1
DA:5,1
DA:6,1
DA:7,1
DA:8,1
DA:9,1
DA:10,1
DA:11,1
DA:12,1
DA:13,1
DA:14,1
DA:15,0
DA:16,0
DA:17,1
DA:18,1
DA:19,0
DA:20,0
DA:21,1
DA:22,1
DA:23,0
DA:24,0
DA:25,1
DA:26,1
DA:27,1
DA:28,2
DA:29,2
DA:30,1
DA:31,1
DA:32,3
DA:33,3
DA:34,1
DA:35,1
DA:36,2
DA:37,2
DA:38,1
DA:39,1
DA:40,0
DA:41,0
DA:42,0
DA:43,1
DA:44,1
DA:45,0
DA:46,0
DA:47,0
DA:48,1
LF:48
LH:36
BRDA:1,0,0,1
BRDA:13,1,0,1
BRDA:14,2,0,0
BRDA:18,3,0,0
BRDA:22,4,0,0
BRDA:27,5,0,2
BRDA:31,6,0,3
BRDA:35,7,0,2
BRDA:6,8,0,1
BRF:9
BRH:6
end_of_record
TN:
SF:src/infraestructure/db/sequelize/model/customer.model.ts
FN:12,get
FNF:1
FNH:1
FNDA:8,get
DA:1,1
DA:2,1
DA:3,1
DA:4,1
DA:5,1
DA:6,1
DA:7,1
DA:8,1
DA:9,1
DA:10,1
DA:11,1
DA:12,1
DA:13,1
DA:14,1
DA:15,1
DA:16,1
DA:17,1
DA:18,1
DA:19,1
DA:20,1
DA:21,1
DA:22,1
DA:23,1
DA:24,1
DA:25,1
DA:26,1
DA:27,1
DA:28,1
DA:29,1
DA:30,1
DA:31,1
DA:32,1
DA:33,1
DA:34,1
DA:35,1
DA:36,1
DA:37,1
LF:37
LH:37
BRDA:12,0,0,8
BRF:1
BRH:1
end_of_record
TN:
SF:src/infraestructure/db/sequelize/model/order-item.model.ts
FN:16,get
FNF:1
FNH:1
FNDA:5,get
DA:1,1
DA:2,1
DA:3,1
DA:4,1
DA:5,1
DA:6,1
DA:7,1
DA:8,1
DA:9,1
DA:10,1
DA:11,1
DA:12,1
DA:13,1
DA:14,1
DA:15,1
DA:16,1
DA:17,1
DA:18,1
DA:19,1
DA:20,1
DA:21,1
DA:22,1
DA:23,1
DA:24,1
DA:25,1
DA:26,1
DA:27,1
DA:28,1
DA:29,1
DA:30,1
DA:31,1
DA:32,1
DA:33,1
DA:34,1
DA:35,1
DA:36,1
DA:37,1
DA:38,1
DA:39,1
DA:40,1
DA:41,1
DA:42,1
DA:43,1
LF:43
LH:43
BRDA:26,0,0,0
BRDA:33,1,0,0
BRDA:16,2,0,5
BRDA:21,3,0,5
BRDA:25,4,0,2
BRDA:28,5,0,2
BRDA:32,6,0,2
BRF:7
BRH:5
end_of_record
TN:
SF:src/infraestructure/db/sequelize/model/order.model.ts
FN:14,get
FNF:1
FNH:1
FNDA:7,get
DA:1,1
DA:2,1
DA:3,1
DA:4,1
DA:5,1
DA:6,1
DA:7,1
DA:8,1
DA:9,1
DA:10,1
DA:11,1
DA:12,1
DA:13,1
DA:14,1
DA:15,1
DA:16,1
DA:17,1
DA:18,1
DA:19,1
DA:20,1
DA:21,1
DA:22,1
DA:23,1
DA:24,1
DA:25,1
DA:26,1
DA:27,1
DA:28,1
DA:29,1
DA:30,1
DA:31,1
LF:31
LH:31
BRDA:24,0,0,0
BRDA:14,1,0,7
BRDA:19,2,0,1
BRDA:23,3,0,3
BRDA:26,4,0,3
BRF:5
BRH:4
end_of_record
TN:
SF:src/infraestructure/db/sequelize/model/product.model.ts
FN:8,get
FNF:1
FNH:1
FNDA:13,get
DA:1,1
DA:2,1
DA:3,1
DA:4,1
DA:5,1
DA:6,1
DA:7,1
DA:8,1
DA:9,1
DA:10,1
DA:11,1
DA:12,1
DA:13,1
DA:14,1
DA:15,1
DA:16,1
DA:17,1
DA:18,1
DA:19,1
DA:20,1
DA:21,1
LF:21
LH:21
BRDA:8,0,0,13
BRF:1
BRH:1
end_of_record
TN:
SF:src/infraestructure/repository/customer.repository.ts
FN:6,get
FN:7,create
FN:20,update
FN:39,find
FN:63,findAll
FNF:5
FNH:2
FNDA:1,get
FNDA:1,create
FNDA:0,update
FNDA:0,find
FNDA:0,findAll
DA:1,1
DA:2,1
DA:3,1
DA:4,1
DA:5,1
DA:6,1
DA:7,1
DA:8,1
DA:9,1
DA:10,1
DA:11,1
DA:12,1
DA:13,1
DA:14,1
DA:15,1
DA:16,1
DA:17,1
DA:18,1
DA:19,1
DA:20,1
DA:21,0
DA:22,0
DA:23,0
DA:24,0
DA:25,0
DA:26,0
DA:27,0
DA:28,0
DA:29,0
DA:30,0
DA:31,0
DA:32,0
DA:33,0
DA:34,0
DA:35,0
DA:36,0
DA:37,0
DA:38,1
DA:39,1
DA:40,0
DA:41,0
DA:42,0
DA:43,0
DA:44,0
DA:45,0
DA:46,0
DA:47,0
DA:48,0
DA:49,0
DA:50,0
DA:51,0
DA:52,0
DA:53,0
DA:54,0
DA:55,0
DA:56,0
DA:57,0
DA:58,0
DA:59,0
DA:60,0
DA:61,0
DA:62,1
DA:63,1
DA:64,0
DA:65,0
DA:66,0
DA:67,0
DA:68,0
DA:69,0
DA:70,0
DA:71,0
DA:72,0
DA:73,0
DA:74,0
DA:75,0
DA:76,0
DA:77,0
DA:78,0
DA:79,0
DA:80,0
DA:81,0
DA:82,0
DA:83,0
DA:84,0
DA:85,1
LF:85
LH:25
BRDA:6,0,0,1
BRDA:7,1,0,1
BRF:2
BRH:2
end_of_record
TN:
SF:src/infraestructure/repository/order.repository.ts
FN:5,get
FN:6,create
FNF:2
FNH:2
FNDA:1,get
FNDA:1,create
DA:1,1
DA:2,1
DA:3,1
DA:4,1
DA:5,1
DA:6,1
DA:7,1
DA:8,1
DA:9,1
DA:10,1
DA:11,1
DA:12,1
DA:13,1
DA:14,1
DA:15,1
DA:16,1
DA:17,1
DA:18,1
DA:19,1
DA:20,1
DA:21,1
DA:22,1
DA:23,1
DA:24,1
DA:25,1
LF:25
LH:25
BRDA:5,0,0,1
BRDA:6,1,0,1
BRDA:12,2,0,1
BRF:3
BRH:3
end_of_record
TN:
SF:src/infraestructure/repository/product.repository.ts
FN:5,get
FN:6,create
FN:14,update
FN:29,find
FN:38,findAll
FNF:5
FNH:2
FNDA:1,get
FNDA:1,create
FNDA:0,update
FNDA:0,find
FNDA:0,findAll
DA:1,1
DA:2,1
DA:3,1
DA:4,1
DA:5,1
DA:6,1
DA:7,1
DA:8,1
DA:9,1
DA:10,1
DA:11,1
DA:12,1
DA:13,1
DA:14,1
DA:15,0
DA:16,0
DA:17,0
DA:18,0
DA:19,0
DA:20,0
DA:21,0
DA:22,0
DA:23,0
DA:24,0
DA:25,0
DA:26,0
DA:27,0
DA:28,1
DA:29,0
DA:30,0
DA:31,0
DA:32,0
DA:33,0
DA:34,0
DA:35,0
DA:36,0
DA:37,1
DA:38,1
DA:39,0
DA:40,0
DA:41,0
DA:42,0
DA:43,0
DA:44,1
LF:44
LH:18
BRDA:5,0,0,1
BRDA:6,1,0,1
BRF:2
BRH:2
end_of_record
